INFO - 2026-04-10 00:00:20 --> Session: Class initialized using 'CodeIgniter\Session\Handlers\FileHandler' driver.
INFO - 2026-04-10 00:00:20 --> Session: Class initialized using 'CodeIgniter\Session\Handlers\FileHandler' driver.
INFO - 2026-04-10 00:00:24 --> Session: Class initialized using 'CodeIgniter\Session\Handlers\FileHandler' driver.
INFO - 2026-04-10 00:00:25 --> Session: Class initialized using 'CodeIgniter\Session\Handlers\FileHandler' driver.
INFO - 2026-04-10 00:00:28 --> Session: Class initialized using 'CodeIgniter\Session\Handlers\FileHandler' driver.
INFO - 2026-04-10 00:00:29 --> Session: Class initialized using 'CodeIgniter\Session\Handlers\FileHandler' driver.
INFO - 2026-04-10 00:00:34 --> Session: Class initialized using 'CodeIgniter\Session\Handlers\FileHandler' driver.
INFO - 2026-04-10 00:01:41 --> Session: Class initialized using 'CodeIgniter\Session\Handlers\FileHandler' driver.
INFO - 2026-04-10 00:11:04 --> Session: Class initialized using 'CodeIgniter\Session\Handlers\FileHandler' driver.
INFO - 2026-04-10 00:11:11 --> Session: Class initialized using 'CodeIgniter\Session\Handlers\FileHandler' driver.
INFO - 2026-04-10 00:11:12 --> Session: Class initialized using 'CodeIgniter\Session\Handlers\FileHandler' driver.
INFO - 2026-04-10 00:11:14 --> Session: Class initialized using 'CodeIgniter\Session\Handlers\FileHandler' driver.
INFO - 2026-04-10 00:11:16 --> Session: Class initialized using 'CodeIgniter\Session\Handlers\FileHandler' driver.
INFO - 2026-04-10 00:11:16 --> Session: Class initialized using 'CodeIgniter\Session\Handlers\FileHandler' driver.
INFO - 2026-04-10 00:11:20 --> Session: Class initialized using 'CodeIgniter\Session\Handlers\FileHandler' driver.
INFO - 2026-04-10 00:11:20 --> Session: Class initialized using 'CodeIgniter\Session\Handlers\FileHandler' driver.
INFO - 2026-04-10 00:12:47 --> Session: Class initialized using 'CodeIgniter\Session\Handlers\FileHandler' driver.
INFO - 2026-04-10 00:12:47 --> Session: Class initialized using 'CodeIgniter\Session\Handlers\FileHandler' driver.
INFO - 2026-04-10 00:12:52 --> Session: Class initialized using 'CodeIgniter\Session\Handlers\FileHandler' driver.
INFO - 2026-04-10 00:12:52 --> Session: Class initialized using 'CodeIgniter\Session\Handlers\FileHandler' driver.
INFO - 2026-04-10 00:12:57 --> Session: Class initialized using 'CodeIgniter\Session\Handlers\FileHandler' driver.
CRITICAL - 2026-04-10 00:12:57 --> ErrorException: Trying to access array offset on null
in APPPATH\Models\ControleDeAcessoModel.php on line 116.
 1 APPPATH\Models\ControleDeAcessoModel.php(116): CodeIgniter\Debug\Exceptions->errorHandler(2, 'Trying to access array offset on null', 'C:\\Users\\Kauan\\Desktop\\Saas foodfy\\app\\Models\\ControleDeAcessoModel.php', 116)
 2 APPPATH\Controllers\Login.php(133): App\Models\ControleDeAcessoModel->verificaPermissao('usuarios')
 3 SYSTEMPATH\CodeIgniter.php(941): App\Controllers\Login->usuarios()
 4 SYSTEMPATH\CodeIgniter.php(502): CodeIgniter\CodeIgniter->runController(Object(App\Controllers\Login))
 5 SYSTEMPATH\CodeIgniter.php(361): CodeIgniter\CodeIgniter->handleRequest(null, Object(Config\Cache), false)
 6 FCPATH\index.php(79): CodeIgniter\CodeIgniter->run()
 7 SYSTEMPATH\Commands\Server\rewrite.php(47): require_once('C:\\Users\\Kauan\\Desktop\\Saas foodfy\\public\\index.php')
CRITICAL - 2026-04-10 00:12:57 --> ErrorException: Uncaught Error: Call to undefined method CodeIgniter\Debug\ExceptionHandler::cleanPath() in C:\Users\Kauan\Desktop\Saas foodfy\app\Views\errors\html\error_exception.php:33
Stack trace:
#0 C:\Users\Kauan\Desktop\Saas foodfy\system\Debug\BaseExceptionHandler.php(258): include()
#1 C:\Users\Kauan\Desktop\Saas foodfy\system\Debug\BaseExceptionHandler.php(261): CodeIgniter\Debug\BaseExceptionHandler->CodeIgniter\Debug\{closure}()
#2 C:\Users\Kauan\Desktop\Saas foodfy\system\Debug\ExceptionHandler.php(112): CodeIgniter\Debug\BaseExceptionHandler->render(Object(ErrorException), 500, 'C:\\Users\\Kauan\\...')
#3 C:\Users\Kauan\Desktop\Saas foodfy\system\Debug\Exceptions.php(156): CodeIgniter\Debug\ExceptionHandler->handle(Object(ErrorException), Object(CodeIgniter\HTTP\IncomingRequest), Object(CodeIgniter\HTTP\Response), 500, 1)
#4 [internal function]: CodeIgniter\Debug\Exceptions->exceptionHandler(Object(ErrorException))
#5 {main}
  thrown
【Previous Exception】
ErrorException
Trying to access array offset on null
#0 C:\Users\Kauan\Desktop\Saas foodfy\app\Models\ControleDeAcessoModel.php(116): CodeIgniter\Debug\Exceptions->errorHandler(2, 'Trying to acces...', 'C:\\Users\\Kauan\\...', 116)
#1 C:\Users\Kauan\Desktop\Saas foodfy\app\Controllers\Login.php(133): App\Models\ControleDeAcessoModel->verificaPermissao('usuarios')
#2 C:\Users\Kauan\Desktop\Saas foodfy\system\CodeIgniter.php(941): App\Controllers\Login->usuarios()
#3 C:\Users\Kauan\Desktop\Saas foodfy\system\CodeIgniter.php(502): CodeIgniter\CodeIgniter->runController(Object(App\Controllers\Login))
#4 C:\Users\Kauan\Desktop\Saas foodfy\system\CodeIgniter.php(361): CodeIgniter\CodeIgniter->handleRequest(NULL, Object(Config\Cache), false)
#5 C:\Users\Kauan\Desktop\Saas foodfy\public\index.php(79): CodeIgniter\CodeIgniter->run()
#6 C:\Users\Kauan\Desktop\Saas foodfy\system\Commands\Server\rewrite.php(47): require_once('C:\\Users\\Kauan\\...')
#7 {main}
in APPPATH\Views\errors\html\error_exception.php on line 33.
 1 [internal function]: CodeIgniter\Debug\Exceptions->shutdownHandler()
INFO - 2026-04-10 00:13:00 --> Session: Class initialized using 'CodeIgniter\Session\Handlers\FileHandler' driver.
CRITICAL - 2026-04-10 00:13:00 --> ErrorException: Trying to access array offset on null
in APPPATH\Models\ControleDeAcessoModel.php on line 116.
 1 APPPATH\Models\ControleDeAcessoModel.php(116): CodeIgniter\Debug\Exceptions->errorHandler(2, 'Trying to access array offset on null', 'C:\\Users\\Kauan\\Desktop\\Saas foodfy\\app\\Models\\ControleDeAcessoModel.php', 116)
 2 APPPATH\Controllers\Caixas.php(47): App\Models\ControleDeAcessoModel->verificaPermissao('caixas')
 3 SYSTEMPATH\CodeIgniter.php(913): App\Controllers\Caixas->__construct()
 4 SYSTEMPATH\CodeIgniter.php(493): CodeIgniter\CodeIgniter->createController()
 5 SYSTEMPATH\CodeIgniter.php(361): CodeIgniter\CodeIgniter->handleRequest(null, Object(Config\Cache), false)
 6 FCPATH\index.php(79): CodeIgniter\CodeIgniter->run()
 7 SYSTEMPATH\Commands\Server\rewrite.php(47): require_once('C:\\Users\\Kauan\\Desktop\\Saas foodfy\\public\\index.php')
CRITICAL - 2026-04-10 00:13:00 --> ErrorException: Uncaught Error: Call to undefined method CodeIgniter\Debug\ExceptionHandler::cleanPath() in C:\Users\Kauan\Desktop\Saas foodfy\app\Views\errors\html\error_exception.php:33
Stack trace:
#0 C:\Users\Kauan\Desktop\Saas foodfy\system\Debug\BaseExceptionHandler.php(258): include()
#1 C:\Users\Kauan\Desktop\Saas foodfy\system\Debug\BaseExceptionHandler.php(261): CodeIgniter\Debug\BaseExceptionHandler->CodeIgniter\Debug\{closure}()
#2 C:\Users\Kauan\Desktop\Saas foodfy\system\Debug\ExceptionHandler.php(112): CodeIgniter\Debug\BaseExceptionHandler->render(Object(ErrorException), 500, 'C:\\Users\\Kauan\\...')
#3 C:\Users\Kauan\Desktop\Saas foodfy\system\Debug\Exceptions.php(156): CodeIgniter\Debug\ExceptionHandler->handle(Object(ErrorException), Object(CodeIgniter\HTTP\IncomingRequest), Object(CodeIgniter\HTTP\Response), 500, 1)
#4 [internal function]: CodeIgniter\Debug\Exceptions->exceptionHandler(Object(ErrorException))
#5 {main}
  thrown
【Previous Exception】
ErrorException
Trying to access array offset on null
#0 C:\Users\Kauan\Desktop\Saas foodfy\app\Models\ControleDeAcessoModel.php(116): CodeIgniter\Debug\Exceptions->errorHandler(2, 'Trying to acces...', 'C:\\Users\\Kauan\\...', 116)
#1 C:\Users\Kauan\Desktop\Saas foodfy\app\Controllers\Caixas.php(47): App\Models\ControleDeAcessoModel->verificaPermissao('caixas')
#2 C:\Users\Kauan\Desktop\Saas foodfy\system\CodeIgniter.php(913): App\Controllers\Caixas->__construct()
#3 C:\Users\Kauan\Desktop\Saas foodfy\system\CodeIgniter.php(493): CodeIgniter\CodeIgniter->createController()
#4 C:\Users\Kauan\Desktop\Saas foodfy\system\CodeIgniter.php(361): CodeIgniter\CodeIgniter->handleRequest(NULL, Object(Config\Cache), false)
#5 C:\Users\Kauan\Desktop\Saas foodfy\public\index.php(79): CodeIgniter\CodeIgniter->run()
#6 C:\Users\Kauan\Desktop\Saas foodfy\system\Commands\Server\rewrite.php(47): require_once('C:\\Users\\Kauan\\...')
#7 {main}
in APPPATH\Views\errors\html\error_exception.php on line 33.
 1 [internal function]: CodeIgniter\Debug\Exceptions->shutdownHandler()
INFO - 2026-04-10 00:13:01 --> Session: Class initialized using 'CodeIgniter\Session\Handlers\FileHandler' driver.
CRITICAL - 2026-04-10 00:13:01 --> ErrorException: Trying to access array offset on null
in APPPATH\Models\ControleDeAcessoModel.php on line 116.
 1 APPPATH\Models\ControleDeAcessoModel.php(116): CodeIgniter\Debug\Exceptions->errorHandler(2, 'Trying to access array offset on null', 'C:\\Users\\Kauan\\Desktop\\Saas foodfy\\app\\Models\\ControleDeAcessoModel.php', 116)
 2 APPPATH\Controllers\Clientes.php(56): App\Models\ControleDeAcessoModel->verificaPermissao('clientes')
 3 SYSTEMPATH\CodeIgniter.php(913): App\Controllers\Clientes->__construct()
 4 SYSTEMPATH\CodeIgniter.php(493): CodeIgniter\CodeIgniter->createController()
 5 SYSTEMPATH\CodeIgniter.php(361): CodeIgniter\CodeIgniter->handleRequest(null, Object(Config\Cache), false)
 6 FCPATH\index.php(79): CodeIgniter\CodeIgniter->run()
 7 SYSTEMPATH\Commands\Server\rewrite.php(47): require_once('C:\\Users\\Kauan\\Desktop\\Saas foodfy\\public\\index.php')
CRITICAL - 2026-04-10 00:13:01 --> ErrorException: Uncaught Error: Call to undefined method CodeIgniter\Debug\ExceptionHandler::cleanPath() in C:\Users\Kauan\Desktop\Saas foodfy\app\Views\errors\html\error_exception.php:33
Stack trace:
#0 C:\Users\Kauan\Desktop\Saas foodfy\system\Debug\BaseExceptionHandler.php(258): include()
#1 C:\Users\Kauan\Desktop\Saas foodfy\system\Debug\BaseExceptionHandler.php(261): CodeIgniter\Debug\BaseExceptionHandler->CodeIgniter\Debug\{closure}()
#2 C:\Users\Kauan\Desktop\Saas foodfy\system\Debug\ExceptionHandler.php(112): CodeIgniter\Debug\BaseExceptionHandler->render(Object(ErrorException), 500, 'C:\\Users\\Kauan\\...')
#3 C:\Users\Kauan\Desktop\Saas foodfy\system\Debug\Exceptions.php(156): CodeIgniter\Debug\ExceptionHandler->handle(Object(ErrorException), Object(CodeIgniter\HTTP\IncomingRequest), Object(CodeIgniter\HTTP\Response), 500, 1)
#4 [internal function]: CodeIgniter\Debug\Exceptions->exceptionHandler(Object(ErrorException))
#5 {main}
  thrown
【Previous Exception】
ErrorException
Trying to access array offset on null
#0 C:\Users\Kauan\Desktop\Saas foodfy\app\Models\ControleDeAcessoModel.php(116): CodeIgniter\Debug\Exceptions->errorHandler(2, 'Trying to acces...', 'C:\\Users\\Kauan\\...', 116)
#1 C:\Users\Kauan\Desktop\Saas foodfy\app\Controllers\Clientes.php(56): App\Models\ControleDeAcessoModel->verificaPermissao('clientes')
#2 C:\Users\Kauan\Desktop\Saas foodfy\system\CodeIgniter.php(913): App\Controllers\Clientes->__construct()
#3 C:\Users\Kauan\Desktop\Saas foodfy\system\CodeIgniter.php(493): CodeIgniter\CodeIgniter->createController()
#4 C:\Users\Kauan\Desktop\Saas foodfy\system\CodeIgniter.php(361): CodeIgniter\CodeIgniter->handleRequest(NULL, Object(Config\Cache), false)
#5 C:\Users\Kauan\Desktop\Saas foodfy\public\index.php(79): CodeIgniter\CodeIgniter->run()
#6 C:\Users\Kauan\Desktop\Saas foodfy\system\Commands\Server\rewrite.php(47): require_once('C:\\Users\\Kauan\\...')
#7 {main}
in APPPATH\Views\errors\html\error_exception.php on line 33.
 1 [internal function]: CodeIgniter\Debug\Exceptions->shutdownHandler()
INFO - 2026-04-10 00:13:02 --> Session: Class initialized using 'CodeIgniter\Session\Handlers\FileHandler' driver.
CRITICAL - 2026-04-10 00:13:02 --> ErrorException: Trying to access array offset on null
in APPPATH\Models\ControleDeAcessoModel.php on line 116.
 1 APPPATH\Models\ControleDeAcessoModel.php(116): CodeIgniter\Debug\Exceptions->errorHandler(2, 'Trying to access array offset on null', 'C:\\Users\\Kauan\\Desktop\\Saas foodfy\\app\\Models\\ControleDeAcessoModel.php', 116)
 2 APPPATH\Controllers\Produtos.php(61): App\Models\ControleDeAcessoModel->verificaPermissao('clientes')
 3 SYSTEMPATH\CodeIgniter.php(913): App\Controllers\Produtos->__construct()
 4 SYSTEMPATH\CodeIgniter.php(493): CodeIgniter\CodeIgniter->createController()
 5 SYSTEMPATH\CodeIgniter.php(361): CodeIgniter\CodeIgniter->handleRequest(null, Object(Config\Cache), false)
 6 FCPATH\index.php(79): CodeIgniter\CodeIgniter->run()
 7 SYSTEMPATH\Commands\Server\rewrite.php(47): require_once('C:\\Users\\Kauan\\Desktop\\Saas foodfy\\public\\index.php')
CRITICAL - 2026-04-10 00:13:02 --> ErrorException: Uncaught Error: Call to undefined method CodeIgniter\Debug\ExceptionHandler::cleanPath() in C:\Users\Kauan\Desktop\Saas foodfy\app\Views\errors\html\error_exception.php:33
Stack trace:
#0 C:\Users\Kauan\Desktop\Saas foodfy\system\Debug\BaseExceptionHandler.php(258): include()
#1 C:\Users\Kauan\Desktop\Saas foodfy\system\Debug\BaseExceptionHandler.php(261): CodeIgniter\Debug\BaseExceptionHandler->CodeIgniter\Debug\{closure}()
#2 C:\Users\Kauan\Desktop\Saas foodfy\system\Debug\ExceptionHandler.php(112): CodeIgniter\Debug\BaseExceptionHandler->render(Object(ErrorException), 500, 'C:\\Users\\Kauan\\...')
#3 C:\Users\Kauan\Desktop\Saas foodfy\system\Debug\Exceptions.php(156): CodeIgniter\Debug\ExceptionHandler->handle(Object(ErrorException), Object(CodeIgniter\HTTP\IncomingRequest), Object(CodeIgniter\HTTP\Response), 500, 1)
#4 [internal function]: CodeIgniter\Debug\Exceptions->exceptionHandler(Object(ErrorException))
#5 {main}
  thrown
【Previous Exception】
ErrorException
Trying to access array offset on null
#0 C:\Users\Kauan\Desktop\Saas foodfy\app\Models\ControleDeAcessoModel.php(116): CodeIgniter\Debug\Exceptions->errorHandler(2, 'Trying to acces...', 'C:\\Users\\Kauan\\...', 116)
#1 C:\Users\Kauan\Desktop\Saas foodfy\app\Controllers\Produtos.php(61): App\Models\ControleDeAcessoModel->verificaPermissao('clientes')
#2 C:\Users\Kauan\Desktop\Saas foodfy\system\CodeIgniter.php(913): App\Controllers\Produtos->__construct()
#3 C:\Users\Kauan\Desktop\Saas foodfy\system\CodeIgniter.php(493): CodeIgniter\CodeIgniter->createController()
#4 C:\Users\Kauan\Desktop\Saas foodfy\system\CodeIgniter.php(361): CodeIgniter\CodeIgniter->handleRequest(NULL, Object(Config\Cache), false)
#5 C:\Users\Kauan\Desktop\Saas foodfy\public\index.php(79): CodeIgniter\CodeIgniter->run()
#6 C:\Users\Kauan\Desktop\Saas foodfy\system\Commands\Server\rewrite.php(47): require_once('C:\\Users\\Kauan\\...')
#7 {main}
in APPPATH\Views\errors\html\error_exception.php on line 33.
 1 [internal function]: CodeIgniter\Debug\Exceptions->shutdownHandler()
INFO - 2026-04-10 00:13:05 --> Session: Class initialized using 'CodeIgniter\Session\Handlers\FileHandler' driver.
INFO - 2026-04-10 00:13:12 --> Session: Class initialized using 'CodeIgniter\Session\Handlers\FileHandler' driver.
CRITICAL - 2026-04-10 00:13:12 --> ErrorException: Trying to access array offset on null
in APPPATH\Models\ControleDeAcessoModel.php on line 116.
 1 APPPATH\Models\ControleDeAcessoModel.php(116): CodeIgniter\Debug\Exceptions->errorHandler(2, 'Trying to access array offset on null', 'C:\\Users\\Kauan\\Desktop\\Saas foodfy\\app\\Models\\ControleDeAcessoModel.php', 116)
 2 APPPATH\Controllers\Funcionarios.php(44): App\Models\ControleDeAcessoModel->verificaPermissao('funcionarios')
 3 SYSTEMPATH\CodeIgniter.php(913): App\Controllers\Funcionarios->__construct()
 4 SYSTEMPATH\CodeIgniter.php(493): CodeIgniter\CodeIgniter->createController()
 5 SYSTEMPATH\CodeIgniter.php(361): CodeIgniter\CodeIgniter->handleRequest(null, Object(Config\Cache), false)
 6 FCPATH\index.php(79): CodeIgniter\CodeIgniter->run()
 7 SYSTEMPATH\Commands\Server\rewrite.php(47): require_once('C:\\Users\\Kauan\\Desktop\\Saas foodfy\\public\\index.php')
CRITICAL - 2026-04-10 00:13:12 --> ErrorException: Uncaught Error: Call to undefined method CodeIgniter\Debug\ExceptionHandler::cleanPath() in C:\Users\Kauan\Desktop\Saas foodfy\app\Views\errors\html\error_exception.php:33
Stack trace:
#0 C:\Users\Kauan\Desktop\Saas foodfy\system\Debug\BaseExceptionHandler.php(258): include()
#1 C:\Users\Kauan\Desktop\Saas foodfy\system\Debug\BaseExceptionHandler.php(261): CodeIgniter\Debug\BaseExceptionHandler->CodeIgniter\Debug\{closure}()
#2 C:\Users\Kauan\Desktop\Saas foodfy\system\Debug\ExceptionHandler.php(112): CodeIgniter\Debug\BaseExceptionHandler->render(Object(ErrorException), 500, 'C:\\Users\\Kauan\\...')
#3 C:\Users\Kauan\Desktop\Saas foodfy\system\Debug\Exceptions.php(156): CodeIgniter\Debug\ExceptionHandler->handle(Object(ErrorException), Object(CodeIgniter\HTTP\IncomingRequest), Object(CodeIgniter\HTTP\Response), 500, 1)
#4 [internal function]: CodeIgniter\Debug\Exceptions->exceptionHandler(Object(ErrorException))
#5 {main}
  thrown
【Previous Exception】
ErrorException
Trying to access array offset on null
#0 C:\Users\Kauan\Desktop\Saas foodfy\app\Models\ControleDeAcessoModel.php(116): CodeIgniter\Debug\Exceptions->errorHandler(2, 'Trying to acces...', 'C:\\Users\\Kauan\\...', 116)
#1 C:\Users\Kauan\Desktop\Saas foodfy\app\Controllers\Funcionarios.php(44): App\Models\ControleDeAcessoModel->verificaPermissao('funcionarios')
#2 C:\Users\Kauan\Desktop\Saas foodfy\system\CodeIgniter.php(913): App\Controllers\Funcionarios->__construct()
#3 C:\Users\Kauan\Desktop\Saas foodfy\system\CodeIgniter.php(493): CodeIgniter\CodeIgniter->createController()
#4 C:\Users\Kauan\Desktop\Saas foodfy\system\CodeIgniter.php(361): CodeIgniter\CodeIgniter->handleRequest(NULL, Object(Config\Cache), false)
#5 C:\Users\Kauan\Desktop\Saas foodfy\public\index.php(79): CodeIgniter\CodeIgniter->run()
#6 C:\Users\Kauan\Desktop\Saas foodfy\system\Commands\Server\rewrite.php(47): require_once('C:\\Users\\Kauan\\...')
#7 {main}
in APPPATH\Views\errors\html\error_exception.php on line 33.
 1 [internal function]: CodeIgniter\Debug\Exceptions->shutdownHandler()
INFO - 2026-04-10 00:13:16 --> Session: Class initialized using 'CodeIgniter\Session\Handlers\FileHandler' driver.
INFO - 2026-04-10 00:13:16 --> Session: Class initialized using 'CodeIgniter\Session\Handlers\FileHandler' driver.
INFO - 2026-04-10 00:13:23 --> Session: Class initialized using 'CodeIgniter\Session\Handlers\FileHandler' driver.
INFO - 2026-04-10 00:13:23 --> Session: Class initialized using 'CodeIgniter\Session\Handlers\FileHandler' driver.
INFO - 2026-04-10 00:25:14 --> Session: Class initialized using 'CodeIgniter\Session\Handlers\FileHandler' driver.
INFO - 2026-04-10 00:25:17 --> Session: Class initialized using 'CodeIgniter\Session\Handlers\FileHandler' driver.
INFO - 2026-04-10 00:25:17 --> Session: Class initialized using 'CodeIgniter\Session\Handlers\FileHandler' driver.
INFO - 2026-04-10 00:25:18 --> Session: Class initialized using 'CodeIgniter\Session\Handlers\FileHandler' driver.
INFO - 2026-04-10 00:25:23 --> Session: Class initialized using 'CodeIgniter\Session\Handlers\FileHandler' driver.
INFO - 2026-04-10 00:25:27 --> Session: Class initialized using 'CodeIgniter\Session\Handlers\FileHandler' driver.
INFO - 2026-04-10 00:25:28 --> Session: Class initialized using 'CodeIgniter\Session\Handlers\FileHandler' driver.
INFO - 2026-04-10 00:25:43 --> Session: Class initialized using 'CodeIgniter\Session\Handlers\FileHandler' driver.
INFO - 2026-04-10 00:25:43 --> Session: Class initialized using 'CodeIgniter\Session\Handlers\FileHandler' driver.
INFO - 2026-04-10 00:25:45 --> Session: Class initialized using 'CodeIgniter\Session\Handlers\FileHandler' driver.
INFO - 2026-04-10 00:25:48 --> Session: Class initialized using 'CodeIgniter\Session\Handlers\FileHandler' driver.
INFO - 2026-04-10 00:25:48 --> Session: Class initialized using 'CodeIgniter\Session\Handlers\FileHandler' driver.
INFO - 2026-04-10 00:25:52 --> Session: Class initialized using 'CodeIgniter\Session\Handlers\FileHandler' driver.
INFO - 2026-04-10 00:25:52 --> Session: Class initialized using 'CodeIgniter\Session\Handlers\FileHandler' driver.
INFO - 2026-04-10 00:31:51 --> Session: Class initialized using 'CodeIgniter\Session\Handlers\FileHandler' driver.
INFO - 2026-04-10 00:31:56 --> Session: Class initialized using 'CodeIgniter\Session\Handlers\FileHandler' driver.
INFO - 2026-04-10 00:31:56 --> Session: Class initialized using 'CodeIgniter\Session\Handlers\FileHandler' driver.
INFO - 2026-04-10 00:32:03 --> Session: Class initialized using 'CodeIgniter\Session\Handlers\FileHandler' driver.
INFO - 2026-04-10 00:32:03 --> Session: Class initialized using 'CodeIgniter\Session\Handlers\FileHandler' driver.
INFO - 2026-04-10 00:32:08 --> Session: Class initialized using 'CodeIgniter\Session\Handlers\FileHandler' driver.
INFO - 2026-04-10 00:32:08 --> Session: Class initialized using 'CodeIgniter\Session\Handlers\FileHandler' driver.
INFO - 2026-04-10 00:32:13 --> Session: Class initialized using 'CodeIgniter\Session\Handlers\FileHandler' driver.
INFO - 2026-04-10 00:32:16 --> Session: Class initialized using 'CodeIgniter\Session\Handlers\FileHandler' driver.
INFO - 2026-04-10 00:32:44 --> Session: Class initialized using 'CodeIgniter\Session\Handlers\FileHandler' driver.
INFO - 2026-04-10 00:32:44 --> Session: Class initialized using 'CodeIgniter\Session\Handlers\FileHandler' driver.
INFO - 2026-04-10 00:33:04 --> Session: Class initialized using 'CodeIgniter\Session\Handlers\FileHandler' driver.
INFO - 2026-04-10 00:33:06 --> Session: Class initialized using 'CodeIgniter\Session\Handlers\FileHandler' driver.
INFO - 2026-04-10 00:33:06 --> Session: Class initialized using 'CodeIgniter\Session\Handlers\FileHandler' driver.
INFO - 2026-04-10 00:33:10 --> Session: Class initialized using 'CodeIgniter\Session\Handlers\FileHandler' driver.
INFO - 2026-04-10 00:33:10 --> Session: Class initialized using 'CodeIgniter\Session\Handlers\FileHandler' driver.
INFO - 2026-04-10 00:41:27 --> Session: Class initialized using 'CodeIgniter\Session\Handlers\FileHandler' driver.
INFO - 2026-04-10 00:41:29 --> Session: Class initialized using 'CodeIgniter\Session\Handlers\FileHandler' driver.
INFO - 2026-04-10 00:41:30 --> Session: Class initialized using 'CodeIgniter\Session\Handlers\FileHandler' driver.
INFO - 2026-04-10 01:19:20 --> Session: Class initialized using 'CodeIgniter\Session\Handlers\FileHandler' driver.
CRITICAL - 2026-04-10 01:19:20 --> ParseError: syntax error, unexpected token "endif", expecting end of file
in APPPATH\Views\templates\sidebar.php on line 240.
 1 SYSTEMPATH\View\View.php(228): include()
 2 SYSTEMPATH\View\View.php(231): CodeIgniter\View\View->CodeIgniter\View\{closure}()
 3 SYSTEMPATH\Common.php(1178): CodeIgniter\View\View->render('templates/header', [], true)
 4 APPPATH\Controllers\Inicio.php(181): view('templates/header', [...])
 5 SYSTEMPATH\CodeIgniter.php(941): App\Controllers\Inicio->index()
 6 SYSTEMPATH\CodeIgniter.php(502): CodeIgniter\CodeIgniter->runController(Object(App\Controllers\Inicio))
 7 SYSTEMPATH\CodeIgniter.php(361): CodeIgniter\CodeIgniter->handleRequest(null, Object(Config\Cache), false)
 8 FCPATH\index.php(79): CodeIgniter\CodeIgniter->run()
 9 SYSTEMPATH\Commands\Server\rewrite.php(47): require_once('C:\\Users\\Kauan\\Desktop\\Saas foodfy\\public\\index.php')
CRITICAL - 2026-04-10 01:19:20 --> ErrorException: Uncaught Error: Call to undefined method CodeIgniter\Debug\ExceptionHandler::cleanPath() in C:\Users\Kauan\Desktop\Saas foodfy\app\Views\errors\html\error_exception.php:33
Stack trace:
#0 C:\Users\Kauan\Desktop\Saas foodfy\system\Debug\BaseExceptionHandler.php(258): include()
#1 C:\Users\Kauan\Desktop\Saas foodfy\system\Debug\BaseExceptionHandler.php(261): CodeIgniter\Debug\BaseExceptionHandler->CodeIgniter\Debug\{closure}()
#2 C:\Users\Kauan\Desktop\Saas foodfy\system\Debug\ExceptionHandler.php(112): CodeIgniter\Debug\BaseExceptionHandler->render(Object(ParseError), 500, 'C:\\Users\\Kauan\\...')
#3 C:\Users\Kauan\Desktop\Saas foodfy\system\Debug\Exceptions.php(156): CodeIgniter\Debug\ExceptionHandler->handle(Object(ParseError), Object(CodeIgniter\HTTP\IncomingRequest), Object(CodeIgniter\HTTP\Response), 500, 1)
#4 [internal function]: CodeIgniter\Debug\Exceptions->exceptionHandler(Object(ParseError))
#5 {main}
  thrown
【Previous Exception】
ParseError
syntax error, unexpected token "endif", expecting end of file
#0 C:\Users\Kauan\Desktop\Saas foodfy\system\View\View.php(228): include()
#1 C:\Users\Kauan\Desktop\Saas foodfy\system\View\View.php(231): CodeIgniter\View\View->CodeIgniter\View\{closure}()
#2 C:\Users\Kauan\Desktop\Saas foodfy\system\Common.php(1178): CodeIgniter\View\View->render('templates/heade...', Array, true)
#3 C:\Users\Kauan\Desktop\Saas foodfy\app\Controllers\Inicio.php(181): view('templates/heade...', Array)
#4 C:\Users\Kauan\Desktop\Saas foodfy\system\CodeIgniter.php(941): App\Controllers\Inicio->index()
#5 C:\Users\Kauan\Desktop\Saas foodfy\system\CodeIgniter.php(502): CodeIgniter\CodeIgniter->runController(Object(App\Controllers\Inicio))
#6 C:\Users\Kauan\Desktop\Saas foodfy\system\CodeIgniter.php(361): CodeIgniter\CodeIgniter->handleRequest(NULL, Object(Config\Cache), false)
#7 C:\Users\Kauan\Desktop\Saas foodfy\public\index.php(79): CodeIgniter\CodeIgniter->run()
#8 C:\Users\Kauan\Desktop\Saas foodfy\system\Commands\Server\rewrite.php(47): require_once('C:\\Users\\Kauan\\...')
#9 {main}
in APPPATH\Views\errors\html\error_exception.php on line 33.
 1 [internal function]: CodeIgniter\Debug\Exceptions->shutdownHandler()
INFO - 2026-04-10 01:19:21 --> Session: Class initialized using 'CodeIgniter\Session\Handlers\FileHandler' driver.
CRITICAL - 2026-04-10 01:19:22 --> ParseError: syntax error, unexpected token "endif", expecting end of file
in APPPATH\Views\templates\sidebar.php on line 240.
 1 SYSTEMPATH\View\View.php(228): include()
 2 SYSTEMPATH\View\View.php(231): CodeIgniter\View\View->CodeIgniter\View\{closure}()
 3 SYSTEMPATH\Common.php(1178): CodeIgniter\View\View->render('templates/header', [], true)
 4 APPPATH\Controllers\Inicio.php(181): view('templates/header', [...])
 5 SYSTEMPATH\CodeIgniter.php(941): App\Controllers\Inicio->index()
 6 SYSTEMPATH\CodeIgniter.php(502): CodeIgniter\CodeIgniter->runController(Object(App\Controllers\Inicio))
 7 SYSTEMPATH\CodeIgniter.php(361): CodeIgniter\CodeIgniter->handleRequest(null, Object(Config\Cache), false)
 8 FCPATH\index.php(79): CodeIgniter\CodeIgniter->run()
 9 SYSTEMPATH\Commands\Server\rewrite.php(47): require_once('C:\\Users\\Kauan\\Desktop\\Saas foodfy\\public\\index.php')
CRITICAL - 2026-04-10 01:19:22 --> ErrorException: Uncaught Error: Call to undefined method CodeIgniter\Debug\ExceptionHandler::cleanPath() in C:\Users\Kauan\Desktop\Saas foodfy\app\Views\errors\html\error_exception.php:33
Stack trace:
#0 C:\Users\Kauan\Desktop\Saas foodfy\system\Debug\BaseExceptionHandler.php(258): include()
#1 C:\Users\Kauan\Desktop\Saas foodfy\system\Debug\BaseExceptionHandler.php(261): CodeIgniter\Debug\BaseExceptionHandler->CodeIgniter\Debug\{closure}()
#2 C:\Users\Kauan\Desktop\Saas foodfy\system\Debug\ExceptionHandler.php(112): CodeIgniter\Debug\BaseExceptionHandler->render(Object(ParseError), 500, 'C:\\Users\\Kauan\\...')
#3 C:\Users\Kauan\Desktop\Saas foodfy\system\Debug\Exceptions.php(156): CodeIgniter\Debug\ExceptionHandler->handle(Object(ParseError), Object(CodeIgniter\HTTP\IncomingRequest), Object(CodeIgniter\HTTP\Response), 500, 1)
#4 [internal function]: CodeIgniter\Debug\Exceptions->exceptionHandler(Object(ParseError))
#5 {main}
  thrown
【Previous Exception】
ParseError
syntax error, unexpected token "endif", expecting end of file
#0 C:\Users\Kauan\Desktop\Saas foodfy\system\View\View.php(228): include()
#1 C:\Users\Kauan\Desktop\Saas foodfy\system\View\View.php(231): CodeIgniter\View\View->CodeIgniter\View\{closure}()
#2 C:\Users\Kauan\Desktop\Saas foodfy\system\Common.php(1178): CodeIgniter\View\View->render('templates/heade...', Array, true)
#3 C:\Users\Kauan\Desktop\Saas foodfy\app\Controllers\Inicio.php(181): view('templates/heade...', Array)
#4 C:\Users\Kauan\Desktop\Saas foodfy\system\CodeIgniter.php(941): App\Controllers\Inicio->index()
#5 C:\Users\Kauan\Desktop\Saas foodfy\system\CodeIgniter.php(502): CodeIgniter\CodeIgniter->runController(Object(App\Controllers\Inicio))
#6 C:\Users\Kauan\Desktop\Saas foodfy\system\CodeIgniter.php(361): CodeIgniter\CodeIgniter->handleRequest(NULL, Object(Config\Cache), false)
#7 C:\Users\Kauan\Desktop\Saas foodfy\public\index.php(79): CodeIgniter\CodeIgniter->run()
#8 C:\Users\Kauan\Desktop\Saas foodfy\system\Commands\Server\rewrite.php(47): require_once('C:\\Users\\Kauan\\...')
#9 {main}
in APPPATH\Views\errors\html\error_exception.php on line 33.
 1 [internal function]: CodeIgniter\Debug\Exceptions->shutdownHandler()
INFO - 2026-04-10 01:19:25 --> Session: Class initialized using 'CodeIgniter\Session\Handlers\FileHandler' driver.
CRITICAL - 2026-04-10 01:19:25 --> ParseError: syntax error, unexpected token "endif", expecting end of file
in APPPATH\Views\templates\sidebar.php on line 240.
 1 SYSTEMPATH\View\View.php(228): include()
 2 SYSTEMPATH\View\View.php(231): CodeIgniter\View\View->CodeIgniter\View\{closure}()
 3 SYSTEMPATH\Common.php(1178): CodeIgniter\View\View->render('templates/header', [], true)
 4 APPPATH\Controllers\Inicio.php(181): view('templates/header', [...])
 5 SYSTEMPATH\CodeIgniter.php(941): App\Controllers\Inicio->index()
 6 SYSTEMPATH\CodeIgniter.php(502): CodeIgniter\CodeIgniter->runController(Object(App\Controllers\Inicio))
 7 SYSTEMPATH\CodeIgniter.php(361): CodeIgniter\CodeIgniter->handleRequest(null, Object(Config\Cache), false)
 8 FCPATH\index.php(79): CodeIgniter\CodeIgniter->run()
 9 SYSTEMPATH\Commands\Server\rewrite.php(47): require_once('C:\\Users\\Kauan\\Desktop\\Saas foodfy\\public\\index.php')
CRITICAL - 2026-04-10 01:19:25 --> ErrorException: Uncaught Error: Call to undefined method CodeIgniter\Debug\ExceptionHandler::cleanPath() in C:\Users\Kauan\Desktop\Saas foodfy\app\Views\errors\html\error_exception.php:33
Stack trace:
#0 C:\Users\Kauan\Desktop\Saas foodfy\system\Debug\BaseExceptionHandler.php(258): include()
#1 C:\Users\Kauan\Desktop\Saas foodfy\system\Debug\BaseExceptionHandler.php(261): CodeIgniter\Debug\BaseExceptionHandler->CodeIgniter\Debug\{closure}()
#2 C:\Users\Kauan\Desktop\Saas foodfy\system\Debug\ExceptionHandler.php(112): CodeIgniter\Debug\BaseExceptionHandler->render(Object(ParseError), 500, 'C:\\Users\\Kauan\\...')
#3 C:\Users\Kauan\Desktop\Saas foodfy\system\Debug\Exceptions.php(156): CodeIgniter\Debug\ExceptionHandler->handle(Object(ParseError), Object(CodeIgniter\HTTP\IncomingRequest), Object(CodeIgniter\HTTP\Response), 500, 1)
#4 [internal function]: CodeIgniter\Debug\Exceptions->exceptionHandler(Object(ParseError))
#5 {main}
  thrown
【Previous Exception】
ParseError
syntax error, unexpected token "endif", expecting end of file
#0 C:\Users\Kauan\Desktop\Saas foodfy\system\View\View.php(228): include()
#1 C:\Users\Kauan\Desktop\Saas foodfy\system\View\View.php(231): CodeIgniter\View\View->CodeIgniter\View\{closure}()
#2 C:\Users\Kauan\Desktop\Saas foodfy\system\Common.php(1178): CodeIgniter\View\View->render('templates/heade...', Array, true)
#3 C:\Users\Kauan\Desktop\Saas foodfy\app\Controllers\Inicio.php(181): view('templates/heade...', Array)
#4 C:\Users\Kauan\Desktop\Saas foodfy\system\CodeIgniter.php(941): App\Controllers\Inicio->index()
#5 C:\Users\Kauan\Desktop\Saas foodfy\system\CodeIgniter.php(502): CodeIgniter\CodeIgniter->runController(Object(App\Controllers\Inicio))
#6 C:\Users\Kauan\Desktop\Saas foodfy\system\CodeIgniter.php(361): CodeIgniter\CodeIgniter->handleRequest(NULL, Object(Config\Cache), false)
#7 C:\Users\Kauan\Desktop\Saas foodfy\public\index.php(79): CodeIgniter\CodeIgniter->run()
#8 C:\Users\Kauan\Desktop\Saas foodfy\system\Commands\Server\rewrite.php(47): require_once('C:\\Users\\Kauan\\...')
#9 {main}
in APPPATH\Views\errors\html\error_exception.php on line 33.
 1 [internal function]: CodeIgniter\Debug\Exceptions->shutdownHandler()
INFO - 2026-04-10 01:19:44 --> Session: Class initialized using 'CodeIgniter\Session\Handlers\FileHandler' driver.
CRITICAL - 2026-04-10 01:19:44 --> ParseError: syntax error, unexpected token "endif", expecting end of file
in APPPATH\Views\templates\sidebar.php on line 240.
 1 SYSTEMPATH\View\View.php(228): include()
 2 SYSTEMPATH\View\View.php(231): CodeIgniter\View\View->CodeIgniter\View\{closure}()
 3 SYSTEMPATH\Common.php(1178): CodeIgniter\View\View->render('templates/header', [], true)
 4 APPPATH\Controllers\Inicio.php(181): view('templates/header', [...])
 5 SYSTEMPATH\CodeIgniter.php(941): App\Controllers\Inicio->index()
 6 SYSTEMPATH\CodeIgniter.php(502): CodeIgniter\CodeIgniter->runController(Object(App\Controllers\Inicio))
 7 SYSTEMPATH\CodeIgniter.php(361): CodeIgniter\CodeIgniter->handleRequest(null, Object(Config\Cache), false)
 8 FCPATH\index.php(79): CodeIgniter\CodeIgniter->run()
 9 SYSTEMPATH\Commands\Server\rewrite.php(47): require_once('C:\\Users\\Kauan\\Desktop\\Saas foodfy\\public\\index.php')
CRITICAL - 2026-04-10 01:19:44 --> ErrorException: Uncaught Error: Call to undefined method CodeIgniter\Debug\ExceptionHandler::cleanPath() in C:\Users\Kauan\Desktop\Saas foodfy\app\Views\errors\html\error_exception.php:33
Stack trace:
#0 C:\Users\Kauan\Desktop\Saas foodfy\system\Debug\BaseExceptionHandler.php(258): include()
#1 C:\Users\Kauan\Desktop\Saas foodfy\system\Debug\BaseExceptionHandler.php(261): CodeIgniter\Debug\BaseExceptionHandler->CodeIgniter\Debug\{closure}()
#2 C:\Users\Kauan\Desktop\Saas foodfy\system\Debug\ExceptionHandler.php(112): CodeIgniter\Debug\BaseExceptionHandler->render(Object(ParseError), 500, 'C:\\Users\\Kauan\\...')
#3 C:\Users\Kauan\Desktop\Saas foodfy\system\Debug\Exceptions.php(156): CodeIgniter\Debug\ExceptionHandler->handle(Object(ParseError), Object(CodeIgniter\HTTP\IncomingRequest), Object(CodeIgniter\HTTP\Response), 500, 1)
#4 [internal function]: CodeIgniter\Debug\Exceptions->exceptionHandler(Object(ParseError))
#5 {main}
  thrown
【Previous Exception】
ParseError
syntax error, unexpected token "endif", expecting end of file
#0 C:\Users\Kauan\Desktop\Saas foodfy\system\View\View.php(228): include()
#1 C:\Users\Kauan\Desktop\Saas foodfy\system\View\View.php(231): CodeIgniter\View\View->CodeIgniter\View\{closure}()
#2 C:\Users\Kauan\Desktop\Saas foodfy\system\Common.php(1178): CodeIgniter\View\View->render('templates/heade...', Array, true)
#3 C:\Users\Kauan\Desktop\Saas foodfy\app\Controllers\Inicio.php(181): view('templates/heade...', Array)
#4 C:\Users\Kauan\Desktop\Saas foodfy\system\CodeIgniter.php(941): App\Controllers\Inicio->index()
#5 C:\Users\Kauan\Desktop\Saas foodfy\system\CodeIgniter.php(502): CodeIgniter\CodeIgniter->runController(Object(App\Controllers\Inicio))
#6 C:\Users\Kauan\Desktop\Saas foodfy\system\CodeIgniter.php(361): CodeIgniter\CodeIgniter->handleRequest(NULL, Object(Config\Cache), false)
#7 C:\Users\Kauan\Desktop\Saas foodfy\public\index.php(79): CodeIgniter\CodeIgniter->run()
#8 C:\Users\Kauan\Desktop\Saas foodfy\system\Commands\Server\rewrite.php(47): require_once('C:\\Users\\Kauan\\...')
#9 {main}
in APPPATH\Views\errors\html\error_exception.php on line 33.
 1 [internal function]: CodeIgniter\Debug\Exceptions->shutdownHandler()
INFO - 2026-04-10 01:19:50 --> Session: Class initialized using 'CodeIgniter\Session\Handlers\FileHandler' driver.
INFO - 2026-04-10 01:19:55 --> Session: Class initialized using 'CodeIgniter\Session\Handlers\FileHandler' driver.
INFO - 2026-04-10 01:19:55 --> Session: Class initialized using 'CodeIgniter\Session\Handlers\FileHandler' driver.
CRITICAL - 2026-04-10 01:19:55 --> ParseError: syntax error, unexpected token "endif", expecting end of file
in APPPATH\Views\templates\sidebar.php on line 240.
 1 SYSTEMPATH\View\View.php(228): include()
 2 SYSTEMPATH\View\View.php(231): CodeIgniter\View\View->CodeIgniter\View\{closure}()
 3 SYSTEMPATH\Common.php(1178): CodeIgniter\View\View->render('templates/header', [], true)
 4 APPPATH\Controllers\Inicio.php(181): view('templates/header', [...])
 5 SYSTEMPATH\CodeIgniter.php(941): App\Controllers\Inicio->index()
 6 SYSTEMPATH\CodeIgniter.php(502): CodeIgniter\CodeIgniter->runController(Object(App\Controllers\Inicio))
 7 SYSTEMPATH\CodeIgniter.php(361): CodeIgniter\CodeIgniter->handleRequest(null, Object(Config\Cache), false)
 8 FCPATH\index.php(79): CodeIgniter\CodeIgniter->run()
 9 SYSTEMPATH\Commands\Server\rewrite.php(47): require_once('C:\\Users\\Kauan\\Desktop\\Saas foodfy\\public\\index.php')
CRITICAL - 2026-04-10 01:19:55 --> ErrorException: Uncaught Error: Call to undefined method CodeIgniter\Debug\ExceptionHandler::cleanPath() in C:\Users\Kauan\Desktop\Saas foodfy\app\Views\errors\html\error_exception.php:33
Stack trace:
#0 C:\Users\Kauan\Desktop\Saas foodfy\system\Debug\BaseExceptionHandler.php(258): include()
#1 C:\Users\Kauan\Desktop\Saas foodfy\system\Debug\BaseExceptionHandler.php(261): CodeIgniter\Debug\BaseExceptionHandler->CodeIgniter\Debug\{closure}()
#2 C:\Users\Kauan\Desktop\Saas foodfy\system\Debug\ExceptionHandler.php(112): CodeIgniter\Debug\BaseExceptionHandler->render(Object(ParseError), 500, 'C:\\Users\\Kauan\\...')
#3 C:\Users\Kauan\Desktop\Saas foodfy\system\Debug\Exceptions.php(156): CodeIgniter\Debug\ExceptionHandler->handle(Object(ParseError), Object(CodeIgniter\HTTP\IncomingRequest), Object(CodeIgniter\HTTP\Response), 500, 1)
#4 [internal function]: CodeIgniter\Debug\Exceptions->exceptionHandler(Object(ParseError))
#5 {main}
  thrown
【Previous Exception】
ParseError
syntax error, unexpected token "endif", expecting end of file
#0 C:\Users\Kauan\Desktop\Saas foodfy\system\View\View.php(228): include()
#1 C:\Users\Kauan\Desktop\Saas foodfy\system\View\View.php(231): CodeIgniter\View\View->CodeIgniter\View\{closure}()
#2 C:\Users\Kauan\Desktop\Saas foodfy\system\Common.php(1178): CodeIgniter\View\View->render('templates/heade...', Array, true)
#3 C:\Users\Kauan\Desktop\Saas foodfy\app\Controllers\Inicio.php(181): view('templates/heade...', Array)
#4 C:\Users\Kauan\Desktop\Saas foodfy\system\CodeIgniter.php(941): App\Controllers\Inicio->index()
#5 C:\Users\Kauan\Desktop\Saas foodfy\system\CodeIgniter.php(502): CodeIgniter\CodeIgniter->runController(Object(App\Controllers\Inicio))
#6 C:\Users\Kauan\Desktop\Saas foodfy\system\CodeIgniter.php(361): CodeIgniter\CodeIgniter->handleRequest(NULL, Object(Config\Cache), false)
#7 C:\Users\Kauan\Desktop\Saas foodfy\public\index.php(79): CodeIgniter\CodeIgniter->run()
#8 C:\Users\Kauan\Desktop\Saas foodfy\system\Commands\Server\rewrite.php(47): require_once('C:\\Users\\Kauan\\...')
#9 {main}
in APPPATH\Views\errors\html\error_exception.php on line 33.
 1 [internal function]: CodeIgniter\Debug\Exceptions->shutdownHandler()
INFO - 2026-04-10 01:33:47 --> Session: Class initialized using 'CodeIgniter\Session\Handlers\FileHandler' driver.
INFO - 2026-04-10 01:34:06 --> Session: Class initialized using 'CodeIgniter\Session\Handlers\FileHandler' driver.
INFO - 2026-04-10 01:34:09 --> Session: Class initialized using 'CodeIgniter\Session\Handlers\FileHandler' driver.
INFO - 2026-04-10 01:34:11 --> Session: Class initialized using 'CodeIgniter\Session\Handlers\FileHandler' driver.
INFO - 2026-04-10 01:34:12 --> Session: Class initialized using 'CodeIgniter\Session\Handlers\FileHandler' driver.
INFO - 2026-04-10 01:34:18 --> Session: Class initialized using 'CodeIgniter\Session\Handlers\FileHandler' driver.
INFO - 2026-04-10 01:34:18 --> Session: Class initialized using 'CodeIgniter\Session\Handlers\FileHandler' driver.
INFO - 2026-04-10 01:54:13 --> Session: Class initialized using 'CodeIgniter\Session\Handlers\FileHandler' driver.
INFO - 2026-04-10 01:54:19 --> Session: Class initialized using 'CodeIgniter\Session\Handlers\FileHandler' driver.
INFO - 2026-04-10 01:54:19 --> Session: Class initialized using 'CodeIgniter\Session\Handlers\FileHandler' driver.
INFO - 2026-04-10 01:54:25 --> Session: Class initialized using 'CodeIgniter\Session\Handlers\FileHandler' driver.
INFO - 2026-04-10 01:54:25 --> Session: Class initialized using 'CodeIgniter\Session\Handlers\FileHandler' driver.
INFO - 2026-04-10 01:54:29 --> Session: Class initialized using 'CodeIgniter\Session\Handlers\FileHandler' driver.
INFO - 2026-04-10 01:54:29 --> Session: Class initialized using 'CodeIgniter\Session\Handlers\FileHandler' driver.
INFO - 2026-04-10 01:54:40 --> Session: Class initialized using 'CodeIgniter\Session\Handlers\FileHandler' driver.
INFO - 2026-04-10 01:54:45 --> Session: Class initialized using 'CodeIgniter\Session\Handlers\FileHandler' driver.
INFO - 2026-04-10 01:54:49 --> Session: Class initialized using 'CodeIgniter\Session\Handlers\FileHandler' driver.
INFO - 2026-04-10 01:54:51 --> Session: Class initialized using 'CodeIgniter\Session\Handlers\FileHandler' driver.
INFO - 2026-04-10 01:54:54 --> Session: Class initialized using 'CodeIgniter\Session\Handlers\FileHandler' driver.
INFO - 2026-04-10 01:54:54 --> Session: Class initialized using 'CodeIgniter\Session\Handlers\FileHandler' driver.
INFO - 2026-04-10 02:01:43 --> Session: Class initialized using 'CodeIgniter\Session\Handlers\FileHandler' driver.
INFO - 2026-04-10 02:01:43 --> Session: Class initialized using 'CodeIgniter\Session\Handlers\FileHandler' driver.
CRITICAL - 2026-04-10 02:01:43 --> ParseError: syntax error, unexpected token "endif", expecting end of file
in APPPATH\Views\templates\sidebar.php on line 1052.
 1 SYSTEMPATH\View\View.php(228): include()
 2 SYSTEMPATH\View\View.php(231): CodeIgniter\View\View->CodeIgniter\View\{closure}()
 3 SYSTEMPATH\Common.php(1178): CodeIgniter\View\View->render('templates/header', [], true)
 4 APPPATH\Controllers\Inicio.php(181): view('templates/header', [...])
 5 SYSTEMPATH\CodeIgniter.php(941): App\Controllers\Inicio->index()
 6 SYSTEMPATH\CodeIgniter.php(502): CodeIgniter\CodeIgniter->runController(Object(App\Controllers\Inicio))
 7 SYSTEMPATH\CodeIgniter.php(361): CodeIgniter\CodeIgniter->handleRequest(null, Object(Config\Cache), false)
 8 FCPATH\index.php(79): CodeIgniter\CodeIgniter->run()
 9 SYSTEMPATH\Commands\Server\rewrite.php(47): require_once('C:\\Users\\Kauan\\Desktop\\Saas foodfy\\public\\index.php')
CRITICAL - 2026-04-10 02:01:43 --> ErrorException: Uncaught Error: Call to undefined method CodeIgniter\Debug\ExceptionHandler::cleanPath() in C:\Users\Kauan\Desktop\Saas foodfy\app\Views\errors\html\error_exception.php:33
Stack trace:
#0 C:\Users\Kauan\Desktop\Saas foodfy\system\Debug\BaseExceptionHandler.php(258): include()
#1 C:\Users\Kauan\Desktop\Saas foodfy\system\Debug\BaseExceptionHandler.php(261): CodeIgniter\Debug\BaseExceptionHandler->CodeIgniter\Debug\{closure}()
#2 C:\Users\Kauan\Desktop\Saas foodfy\system\Debug\ExceptionHandler.php(112): CodeIgniter\Debug\BaseExceptionHandler->render(Object(ParseError), 500, 'C:\\Users\\Kauan\\...')
#3 C:\Users\Kauan\Desktop\Saas foodfy\system\Debug\Exceptions.php(156): CodeIgniter\Debug\ExceptionHandler->handle(Object(ParseError), Object(CodeIgniter\HTTP\IncomingRequest), Object(CodeIgniter\HTTP\Response), 500, 1)
#4 [internal function]: CodeIgniter\Debug\Exceptions->exceptionHandler(Object(ParseError))
#5 {main}
  thrown
【Previous Exception】
ParseError
syntax error, unexpected token "endif", expecting end of file
#0 C:\Users\Kauan\Desktop\Saas foodfy\system\View\View.php(228): include()
#1 C:\Users\Kauan\Desktop\Saas foodfy\system\View\View.php(231): CodeIgniter\View\View->CodeIgniter\View\{closure}()
#2 C:\Users\Kauan\Desktop\Saas foodfy\system\Common.php(1178): CodeIgniter\View\View->render('templates/heade...', Array, true)
#3 C:\Users\Kauan\Desktop\Saas foodfy\app\Controllers\Inicio.php(181): view('templates/heade...', Array)
#4 C:\Users\Kauan\Desktop\Saas foodfy\system\CodeIgniter.php(941): App\Controllers\Inicio->index()
#5 C:\Users\Kauan\Desktop\Saas foodfy\system\CodeIgniter.php(502): CodeIgniter\CodeIgniter->runController(Object(App\Controllers\Inicio))
#6 C:\Users\Kauan\Desktop\Saas foodfy\system\CodeIgniter.php(361): CodeIgniter\CodeIgniter->handleRequest(NULL, Object(Config\Cache), false)
#7 C:\Users\Kauan\Desktop\Saas foodfy\public\index.php(79): CodeIgniter\CodeIgniter->run()
#8 C:\Users\Kauan\Desktop\Saas foodfy\system\Commands\Server\rewrite.php(47): require_once('C:\\Users\\Kauan\\...')
#9 {main}
in APPPATH\Views\errors\html\error_exception.php on line 33.
 1 [internal function]: CodeIgniter\Debug\Exceptions->shutdownHandler()
